<?xml version="1.0" encoding="UTF-8"?>
<!-- Generated by org.testng.reporters.JUnitXMLReporter -->
<testsuite hostname="INFJHN2052" ignored="0" name="Default test" tests="4" failures="0" timestamp="30 Aug 2020 12:18:12 GMT" time="26.507" errors="0">
  <testcase name="ValidateTitleOnUserListTable" time="5.661" classname="Task2_WebProtector.WebProtector"/>
  <testcase name="AddUserDetails" time="4.483" classname="Task2_WebProtector.WebProtector"/>
  <testcase name="AddUserDetails" time="3.618" classname="Task2_WebProtector.WebProtector"/>
  <testcase name="SearchAddedUsersInWebTable" time="1.24" classname="Task2_WebProtector.WebProtector"/>
</testsuite> <!-- Default test -->
