<?xml version="1.0" encoding="UTF-8"?>
<!-- Generated by org.testng.reporters.JUnitXMLReporter -->
<testsuite hostname="Amish" ignored="0" name="Test2" tests="5" failures="0" timestamp="28 Aug 2020 09:14:25 GMT" time="34.063" errors="0">
  <testcase name="ValidateTitleOnUserListTable" time="11.859" classname="Task2_WebProtector.WebProtector"/>
  <testcase name="ClickAddUserbButton" time="0.902" classname="Task2_WebProtector.WebProtector"/>
  <testcase name="AddUserDetails" time="7.862" classname="Task2_WebProtector.WebProtector"/>
  <testcase name="UserClickOnSaveButton" time="0.36" classname="Task2_WebProtector.WebProtector"/>
  <testcase name="SearchAddedUsersInWebTable" time="0.962" classname="Task2_WebProtector.WebProtector"/>
</testsuite> <!-- Test2 -->
