<?xml version="1.0" encoding="UTF-8"?>
<!-- Generated by org.testng.reporters.JUnitXMLReporter -->
<testsuite hostname="Amish" ignored="0" name="Test1" tests="5" failures="0" timestamp="28 Aug 2020 09:13:50 GMT" time="89.231" errors="0">
  <testcase name="ValidateTitleOnUserListTable" time="12.473" classname="Task2_WebProtector.WebProtector"/>
  <testcase name="ClickAddUserbButton" time="11.567" classname="Task2_WebProtector.WebProtector"/>
  <testcase name="AddUserDetails" time="3.581" classname="Task2_WebProtector.WebProtector"/>
  <testcase name="UserClickOnSaveButton" time="0.326" classname="Task2_WebProtector.WebProtector"/>
  <testcase name="SearchAddedUsersInWebTable" time="4.939" classname="Task2_WebProtector.WebProtector"/>
</testsuite> <!-- Test1 -->
