<?xml version="1.0" encoding="UTF-8"?>
<testng-results skipped="0" failed="0" ignored="0" total="4" passed="4">
  <reporter-output>
  </reporter-output>
  <suite name="Suite" duration-ms="25323" started-at="2020-08-30T13:15:12Z" finished-at="2020-08-30T13:15:37Z">
    <groups>
    </groups>
    <test name="Test" duration-ms="25323" started-at="2020-08-30T13:15:12Z" finished-at="2020-08-30T13:15:37Z">
      <class name="Task2_WebProtector.WebProtector">
        <test-method status="PASS" signature="InvokeBrowser(java.lang.String)[pri:0, instance:Task2_WebProtector.WebProtector@55f3ddb1]" name="InvokeBrowser" is-config="true" duration-ms="5386" started-at="2020-08-30T13:15:12Z" finished-at="2020-08-30T13:15:17Z">
          <params>
            <param index="0">
              <value>
                <![CDATA[chrome]]>
              </value>
            </param>
          </params>
          <reporter-output>
          </reporter-output>
        </test-method> <!-- InvokeBrowser -->
        <test-method status="PASS" signature="ValidateTitleOnUserListTable()[pri:1, instance:Task2_WebProtector.WebProtector@55f3ddb1]" name="ValidateTitleOnUserListTable" duration-ms="5618" started-at="2020-08-30T13:15:17Z" finished-at="2020-08-30T13:15:23Z">
          <reporter-output>
          </reporter-output>
        </test-method> <!-- ValidateTitleOnUserListTable -->
        <test-method status="PASS" signature="AddUserDetails(java.lang.String, java.lang.String, java.lang.String, java.lang.String, java.lang.String, java.lang.String, java.lang.String, java.lang.String)[pri:2, instance:Task2_WebProtector.WebProtector@55f3ddb1]" name="AddUserDetails" duration-ms="4494" started-at="2020-08-30T13:15:23Z" data-provider="data" finished-at="2020-08-30T13:15:27Z">
          <params>
            <param index="0">
              <value>
                <![CDATA[FName1]]>
              </value>
            </param>
            <param index="1">
              <value>
                <![CDATA[LName1]]>
              </value>
            </param>
            <param index="2">
              <value>
                <![CDATA[User1]]>
              </value>
            </param>
            <param index="3">
              <value>
                <![CDATA[Pass1]]>
              </value>
            </param>
            <param index="4">
              <value>
                <![CDATA[Company AAA]]>
              </value>
            </param>
            <param index="5">
              <value>
                <![CDATA[Admin]]>
              </value>
            </param>
            <param index="6">
              <value>
                <![CDATA[admin@mail.com]]>
              </value>
            </param>
            <param index="7">
              <value>
                <![CDATA[82555]]>
              </value>
            </param>
          </params>
          <reporter-output>
          </reporter-output>
        </test-method> <!-- AddUserDetails -->
        <test-method status="PASS" signature="AddUserDetails(java.lang.String, java.lang.String, java.lang.String, java.lang.String, java.lang.String, java.lang.String, java.lang.String, java.lang.String)[pri:2, instance:Task2_WebProtector.WebProtector@55f3ddb1]" name="AddUserDetails" duration-ms="3436" started-at="2020-08-30T13:15:27Z" data-provider="data" finished-at="2020-08-30T13:15:31Z">
          <params>
            <param index="0">
              <value>
                <![CDATA[FName2]]>
              </value>
            </param>
            <param index="1">
              <value>
                <![CDATA[LName2]]>
              </value>
            </param>
            <param index="2">
              <value>
                <![CDATA[User2]]>
              </value>
            </param>
            <param index="3">
              <value>
                <![CDATA[Pass2]]>
              </value>
            </param>
            <param index="4">
              <value>
                <![CDATA[Company BBB]]>
              </value>
            </param>
            <param index="5">
              <value>
                <![CDATA[Customer]]>
              </value>
            </param>
            <param index="6">
              <value>
                <![CDATA[customer@mail.com]]>
              </value>
            </param>
            <param index="7">
              <value>
                <![CDATA[83444]]>
              </value>
            </param>
          </params>
          <reporter-output>
          </reporter-output>
        </test-method> <!-- AddUserDetails -->
        <test-method status="PASS" signature="SearchAddedUsersInWebTable(java.lang.String)[pri:3, instance:Task2_WebProtector.WebProtector@55f3ddb1]" name="SearchAddedUsersInWebTable" duration-ms="483" started-at="2020-08-30T13:15:31Z" finished-at="2020-08-30T13:15:31Z">
          <params>
            <param index="0">
              <value>
                <![CDATA[User]]>
              </value>
            </param>
          </params>
          <reporter-output>
          </reporter-output>
        </test-method> <!-- SearchAddedUsersInWebTable -->
        <test-method status="PASS" signature="teardownTest()[pri:0, instance:Task2_WebProtector.WebProtector@55f3ddb1]" name="teardownTest" is-config="true" duration-ms="5857" started-at="2020-08-30T13:15:31Z" finished-at="2020-08-30T13:15:37Z">
          <reporter-output>
          </reporter-output>
        </test-method> <!-- teardownTest -->
      </class> <!-- Task2_WebProtector.WebProtector -->
    </test> <!-- Test -->
  </suite> <!-- Suite -->
</testng-results>
